    1  sudo apt update
    2  sudo apt upgrade
    3  sudo apt install chromium-browser
    4  launch chromium-brower
    5  unstall chrome
    6  sudo apt install chrome
    7  sudo apt install chrome-browser
    8  sudo apt install com.android.chrome
    9  top
   10  sudo apt install google-chrome-stable
   11  ls
   12  pwd
   13  mkdir Developpement
   14  ls
   15  cd/Developpement
   16  ls
   17  cd developpement
   18  ls
   19  pwd
   20  cd developpement
   21  ls
   22  cd Developpement
   23  mkdir Quete Bootstrap
   24  ls
   25  rm Bootstrap
   26  sudo rm Bootstrap
   27  sudo rm -r Bootstrap
   28  ls
   29  sudo rm -r Quete
   30  ls
   31  cd ..
   32  ls
   33  sudo rm -r Developpement
   34  ls
   35  cd ..
   36  mkdir Dev
   37  sudo mkdir Dev
   38  ls
   39  cd Dev
   40  ls
   41  sudo mkdir [Quete]Bootstrap
   42  ls
   43  cd \[Quete\]Bootstrap
   44  ls
   45  cd ..
   46  ls
   47  cd wildcodeschool/
   48  ls
   49  cd Bureau
   50  ls
   51  sudo cp bootstrap-4.1.3-dist/ cd ../../Dev/[Quete]Bootstrap/
   52  ls
   53  cd ..
   54  ls
   55  cs ..
   56  cd ..
   57  ls
   58  cd ~
   59  ls
   60  sudo apt Control.sublime-package
   61  sudo apt install Control.Sublime-package
   62  sudo apt-key add - https://download.sublimetext.com/sublimehq-pub.gpg
   63  ls
   64  cd Dev
   65  cd \[Quete\]Bootstrap/
   66  ls
   67  mkdir bootstrap.html
   68  sudo rm -r bootstrap.html/
   69  touch bootstrap.html
   70  touch bootstrat.css
   71  clear
   72  ls
   73  cd ..
   74  cd ~
   75  ls
   76  wget -qO - https://download.sublimetext.com/sublimehq-pub.gpg | sudo apt-key add -
   77  sudo apt-get install apt-transport-https
   78  echo "deb https://download.sublimetext.com/ apt/stable/" | sudo tee /etc/apt/sources.list.d/sublime-text.list
   79  sudo apt-get install sublime-text
   80  sudo apt install sublime-text
   81  sudo apt update
   82  sudo apt-get install sublime-text
   83  clear
   84  ls
   85  cd Dev
   86  mikdir
   87  mkdir Unix
   88  clear
   89  ls
   90  cd Unix
   91  ls
   92  cat instructions
   93  cd mystery
   94  ls
   95  cd crimesscene
   96  cat crimescene
   97  clear
   98  cd ~
   99  ls
  100  cd Dev
  101  ls
  102  cd Unix
  103  ls
  104  cd mystery
  105  ls
  106  nano crimescene
  107  ls
  108  nano people
  109  cd memberships
  110  ls
  111  nano AAA
  112  nano Museum_of_Bash_History
  113  cd ..
  114  lq
  115  ls
  116  cd streets
  117  ls
  118  nano Buckingham_Place
  119  cd
  120  ls
  121  pwd
  122  cd dev
  123  cd DEV
  124  cd Dev
  125  ls
  126  cd Unix
  127  ls
  128  cd mystery
  129  ls
  130  cd interviews
  131  ls
  132  nano interview-699607
  133  cd ..
  134  ls
  135  nano vehicules
  136  nano vehicles
  137  nano people
  138  cd streets
  139  ls
  140  nano Trapelo_Street
  141  cd ..
  142  ls
  143  cd interviews
  144  nano interview-5455315
  145  cd ..
  146  nano vehicules
  147  nano vehicles
  148  nano people
  149  cd streets
  150  nano Claybourne_Street
  151  cd ..
  152  cd interviews
  153  nano interview-1767435
  154  cd ..
  155  nano vehicles
  156  cd interviews
  157  cd ..
  158  cd streets
  159  nano Culbert_Street
  160  cd ../interviews/
  161  nano interview-2939888
  162  cd ..
  163  nano vehicules
  164  nano vehicles
  165  nano people
  166  cd streets
  167  cd ..
  168  cd streets
  169  nano Plainfield_Street
  170  cd ..
  171  cd interviews/
  172  nano interview-29741223
  173  cd ..
  174  nano vehicules
  175  nano vehicles
  176  nano people
  177  cd streets
  178  nano Dunstable_Road
  179  cd ..
  180  cd interviews/
  181  nano interview-620713
  182  nano interview-9620713
  183  cd ..
  184  nano vehicles
  185  nano people
  186  cd streets
  187  nano Andover_Road
  188  cd ../interviews/
  189  nano interview-904020
  190  cd ..
  191  nano vehicles
  192  cd interviews
  193  nano interview-9620713
  194  echo Jeremy Bowers
  195  cd ..
  196  history > murder.log
